{
  "data": {
    "error": "call API user fail: http error: 403 Forbidden"
  },
  "level": "error",
  "msg": "Get curent user failed",
  "time": "2025-08-22T14:11:53+07:00"
}
{
  "data": {
    "error_code": "get current user info faild",
    "method": "POST",
    "path": "/api/v1/admin/terms",
    "status_code": 500
  },
  "level": "error",
  "msg": "get current user info faild",
  "time": "2025-08-22T14:11:53+07:00"
}
{
  "data": {
    "error": "call API user fail: http error: 403 Forbidden"
  },
  "level": "error",
  "msg": "Get curent user failed",
  "time": "2025-08-22T14:12:49+07:00"
}
{
  "data": {
    "error_code": "get current user info faild",
    "method": "POST",
    "path": "/api/v1/admin/terms",
    "status_code": 500
  },
  "level": "error",
  "msg": "get current user info faild",
  "time": "2025-08-22T14:12:49+07:00"
}
{
  "data": {
    "error": "call API user fail: http error: 403 Forbidden"
  },
  "level": "error",
  "msg": "Get curent user failed",
  "time": "2025-08-22T14:12:50+07:00"
}
{
  "data": {
    "error_code": "get current user info faild",
    "method": "POST",
    "path": "/api/v1/admin/terms",
    "status_code": 500
  },
  "level": "error",
  "msg": "get current user info faild",
  "time": "2025-08-22T14:12:50+07:00"
}
{
  "data": {
    "error": "call API user fail: http error: 403 Forbidden"
  },
  "level": "error",
  "msg": "Get curent user failed",
  "time": "2025-08-22T14:14:41+07:00"
}
{
  "data": {
    "error_code": "get current user info faild",
    "method": "POST",
    "path": "/api/v1/admin/terms",
    "status_code": 500
  },
  "level": "error",
  "msg": "get current user info faild",
  "time": "2025-08-22T14:14:41+07:00"
}
{
  "data": {
    "error": "call API user fail: http error: 403 Forbidden"
  },
  "level": "error",
  "msg": "Get curent user failed",
  "time": "2025-08-22T14:15:28+07:00"
}
{
  "data": {
    "error_code": "get current user info faild",
    "method": "POST",
    "path": "/api/v1/admin/terms",
    "status_code": 500
  },
  "level": "error",
  "msg": "get current user info faild",
  "time": "2025-08-22T14:15:28+07:00"
}
{
  "data": {
    "error": "call API user fail: http call failed: Get \"http://localhost:8001/v1/user/current-user\": EOF"
  },
  "level": "error",
  "msg": "Get curent user failed",
  "time": "2025-08-22T14:22:07+07:00"
}
{
  "data": {
    "error_code": "get current user info faild",
    "method": "POST",
    "path": "/api/v1/admin/terms",
    "status_code": 500
  },
  "level": "error",
  "msg": "get current user info faild",
  "time": "2025-08-22T14:22:07+07:00"
}
{
  "data": {
    "error": "Get \"http://localhost:8001/v1/user/current-user\": dial tcp [::1]:8001: connect: connection refused",
    "method": "GET",
    "service": "go-main-service",
    "url": "http://localhost:8001/v1/user/current-user"
  },
  "level": "error",
  "msg": "http call failed",
  "time": "2025-08-23T12:05:48+07:00"
}
{
  "data": {
    "error": "http call failed: Get \"http://localhost:8001/v1/user/current-user\": dial tcp [::1]:8001: connect: connection refused"
  },
  "level": "error",
  "msg": "call API user fail",
  "time": "2025-08-23T12:05:48+07:00"
}
{
  "data": {
    "error_code": "get current user info failed",
    "method": "POST",
    "path": "/api/v1/admin/terms",
    "status_code": 500
  },
  "level": "error",
  "msg": "get current user info failed",
  "time": "2025-08-23T12:05:48+07:00"
}
{
  "data": {
    "error": "Get \"http://localhost:8001/v1/user/current-user\": dial tcp [::1]:8001: connect: connection refused",
    "method": "GET",
    "service": "go-main-service",
    "url": "http://localhost:8001/v1/user/current-user"
  },
  "level": "error",
  "msg": "http call failed",
  "time": "2025-08-23T15:59:55+07:00"
}
{
  "data": {
    "error": "http call failed: Get \"http://localhost:8001/v1/user/current-user\": dial tcp [::1]:8001: connect: connection refused"
  },
  "level": "error",
  "msg": "call API user fail",
  "time": "2025-08-23T15:59:55+07:00"
}
{
  "data": {
    "error_code": "ERR_INVALID_OPERATION",
    "method": "GET",
    "path": "/api/v1/admin/terms",
    "status_code": 500
  },
  "level": "error",
  "msg": "get current user info failed: call API user fail: http call failed: Get \"http://localhost:8001/v1/user/current-user\": dial tcp [::1]:8001: connect: connection refused",
  "time": "2025-08-23T15:59:55+07:00"
}
{
  "data": {
    "error_code": "ERR_INVALID_OPERATION",
    "method": "GET",
    "path": "/api/v1/terms/student/5e470a1e-6b71-4e06-b2cd-ecb7eada4071",
    "status_code": 500
  },
  "level": "error",
  "msg": "get student info failed: token not found in context",
  "time": "2025-08-25T10:00:03+07:00"
}
{
  "data": {
    "error_code": "ERR_INVALID_OPERATION",
    "method": "GET",
    "path": "/api/v1/terms/student/5e470a1e-6b71-4e06-b2cd-ecb7eada4071",
    "status_code": 500
  },
  "level": "error",
  "msg": "get student info failed: token not found in context",
  "time": "2025-08-25T10:00:20+07:00"
}
{
  "data": {
    "error_code": "ERR_INVALID_OPERATION",
    "method": "GET",
    "path": "/api/v1/terms/student/5e470a1e-6b71-4e06-b2cd-ecb7eada4071",
    "status_code": 500
  },
  "level": "error",
  "msg": "get student info failed: token not found in context",
  "time": "2025-08-25T10:00:21+07:00"
}
{
  "data": {
    "error_code": "ERR_INVALID_OPERATION",
    "method": "GET",
    "path": "/api/v1/terms/student/5e470a1e-6b71-4e06-b2cd-ecb7eada4071",
    "status_code": 500
  },
  "level": "error",
  "msg": "get student info failed: token not found in context",
  "time": "2025-08-25T10:00:21+07:00"
}
{
  "data": {
    "error_code": "ERR_INVALID_OPERATION",
    "method": "GET",
    "path": "/api/v1/terms/student/5e470a1e-6b71-4e06-b2cd-ecb7eada4071",
    "status_code": 500
  },
  "level": "error",
  "msg": "get student info failed: token not found in context",
  "time": "2025-08-25T10:01:22+07:00"
}
{
  "data": null,
  "level": "warning",
  "msg": "token not found in context",
  "time": "2025-08-26T09:30:38+07:00"
}
{
  "data": {
    "error_code": "get current user info failed",
    "method": "POST",
    "path": "/api/v1/admin/terms",
    "status_code": 500
  },
  "level": "error",
  "msg": "get current user info failed",
  "time": "2025-08-26T09:30:38+07:00"
}
{
  "data": {
    "error_code": "ERR_INVALID_OPERATION",
    "method": "GET",
    "path": "/api/v1/terms/current",
    "status_code": 400
  },
  "level": "error",
  "msg": "missing organization_id in",
  "time": "2025-08-26T09:53:02+07:00"
}
{
  "data": {
    "error_code": "ERR_INTERNAL",
    "method": "GET",
    "path": "/api/v1/terms/current",
    "status_code": 500
  },
  "level": "error",
  "msg": "no current term found",
  "time": "2025-08-26T09:57:01+07:00"
}
{
  "data": {
    "error_code": "ERR_INTERNAL",
    "method": "GET",
    "path": "/api/v1/terms/current",
    "status_code": 500
  },
  "level": "error",
  "msg": "no current term found",
  "time": "2025-08-26T10:01:35+07:00"
}
{
  "data": {
    "error_code": "ERR_INTERNAL",
    "method": "GET",
    "path": "/api/v1/terms/current",
    "status_code": 500
  },
  "level": "error",
  "msg": "no current term found",
  "time": "2025-08-27T13:34:59+07:00"
}
{
  "data": {
    "error_code": "ERR_INTERNAL",
    "method": "GET",
    "path": "/api/v1/terms/current",
    "status_code": 500
  },
  "level": "error",
  "msg": "no current term found",
  "time": "2025-08-27T13:35:04+07:00"
}
{
  "data": {
    "error_code": "access denied: super admin cannot perform this action",
    "method": "POST",
    "path": "/api/v1/admin/holidays",
    "status_code": 500
  },
  "level": "error",
  "msg": "access denied: super admin cannot perform this action",
  "time": "2025-09-19T15:05:00+07:00"
}
{
  "data": {
    "error_code": "start_date must be before or equal to end_date for holiday New Year Celebration",
    "method": "POST",
    "path": "/api/v1/admin/holidays",
    "status_code": 500
  },
  "level": "error",
  "msg": "start_date must be before or equal to end_date for holiday New Year Celebration",
  "time": "2025-09-19T15:12:29+07:00"
}
{
  "data": {
    "method": "GET",
    "service": "go-main-service",
    "status_code": 500,
    "url": "http://localhost:8001/v1/user/current-user"
  },
  "level": "warning",
  "msg": "http error",
  "time": "2025-09-27T14:21:50+07:00"
}
{
  "data": {
    "error": "http error: 500 Internal Server Error"
  },
  "level": "error",
  "msg": "call API user fail",
  "time": "2025-09-27T14:21:50+07:00"
}
{
  "data": {
    "error_code": "ERR_INVALID_OPERATION",
    "method": "GET",
    "path": "/api/v1/admin/terms",
    "status_code": 500
  },
  "level": "error",
  "msg": "get current user info failed: call API user fail: http error: 500 Internal Server Error",
  "time": "2025-09-27T14:21:50+07:00"
}
{
  "data": {
    "method": "GET",
    "service": "go-main-service",
    "status_code": 500,
    "url": "http://localhost:8001/v1/user/current-user"
  },
  "level": "warning",
  "msg": "http error",
  "time": "2025-09-27T14:22:19+07:00"
}
{
  "data": {
    "error": "http error: 500 Internal Server Error"
  },
  "level": "error",
  "msg": "call API user fail",
  "time": "2025-09-27T14:22:19+07:00"
}
{
  "data": {
    "error_code": "ERR_INVALID_OPERATION",
    "method": "GET",
    "path": "/api/v1/admin/terms",
    "status_code": 500
  },
  "level": "error",
  "msg": "get current user info failed: call API user fail: http error: 500 Internal Server Error",
  "time": "2025-09-27T14:22:19+07:00"
}
{
  "data": {
    "method": "GET",
    "service": "go-main-service",
    "status_code": 500,
    "url": "http://localhost:8001/v1/user/current-user"
  },
  "level": "warning",
  "msg": "http error",
  "time": "2025-09-27T14:22:20+07:00"
}
{
  "data": {
    "error": "http error: 500 Internal Server Error"
  },
  "level": "error",
  "msg": "call API user fail",
  "time": "2025-09-27T14:22:20+07:00"
}
{
  "data": {
    "error_code": "ERR_INVALID_OPERATION",
    "method": "GET",
    "path": "/api/v1/admin/terms",
    "status_code": 500
  },
  "level": "error",
  "msg": "get current user info failed: call API user fail: http error: 500 Internal Server Error",
  "time": "2025-09-27T14:22:20+07:00"
}
{
  "data": {
    "error_code": "ERR_INTERNAL",
    "method": "GET",
    "path": "/api/v1/gateway/terms/68a6a9941723c53349cf290a/previous",
    "status_code": 500
  },
  "level": "error",
  "msg": "get terms by orgID failed: %!w(\u003cnil\u003e)",
  "time": "2025-10-09T13:56:32+07:00"
}
{
  "data": {
    "error_code": "ERR_INTERNAL",
    "method": "GET",
    "path": "/api/v1/gateway/terms/68a6a9941723c53349cf290a/previous",
    "status_code": 500
  },
  "level": "error",
  "msg": "get terms by orgID failed: %!w(\u003cnil\u003e)",
  "time": "2025-10-09T14:27:18+07:00"
}
{
  "data": {
    "error_code": "ERR_INTERNAL",
    "method": "GET",
    "path": "/api/v1/gateway/terms/68a6a9941723c53349cf290a/previous",
    "status_code": 500
  },
  "level": "error",
  "msg": "get terms by orgID failed: %!w(\u003cnil\u003e)",
  "time": "2025-10-09T16:35:41+07:00"
}
{
  "data": {
    "error_code": "ERR_INTERNAL",
    "method": "GET",
    "path": "/api/v1/gateway/terms/68a6a9941723c53349cf290a/previous",
    "status_code": 500
  },
  "level": "error",
  "msg": "get terms by orgID failed: %!w(\u003cnil\u003e)",
  "time": "2025-10-09T16:59:57+07:00"
}
{
  "data": {
    "error_code": "ERR_INTERNAL",
    "method": "GET",
    "path": "/api/v1/gateway/terms/68a6a9941723c53349cf290a/previous",
    "status_code": 500
  },
  "level": "error",
  "msg": "get terms by orgID failed: %!w(\u003cnil\u003e)",
  "time": "2025-10-09T17:19:57+07:00"
}
{
  "data": {
    "error_code": "ERR_INTERNAL",
    "method": "GET",
    "path": "/api/v1/gateway/terms/68a6a9941723c53349cf290a/previous",
    "status_code": 500
  },
  "level": "error",
  "msg": "get terms by orgID failed: %!w(\u003cnil\u003e)",
  "time": "2025-10-09T17:20:11+07:00"
}
{
  "data": {
    "error_code": "ERR_INTERNAL",
    "method": "GET",
    "path": "/api/v1/gateway/terms/68a6a9941723c53349cf290a/previous",
    "status_code": 500
  },
  "level": "error",
  "msg": "get terms by orgID failed: %!w(\u003cnil\u003e)",
  "time": "2025-10-09T17:20:32+07:00"
}
{
  "data": {
    "error_code": "ERR_INTERNAL",
    "method": "GET",
    "path": "/api/v1/gateway/terms/68a6a9941723c53349cf290a/previous",
    "status_code": 500
  },
  "level": "error",
  "msg": "get terms by orgID failed: %!w(\u003cnil\u003e)",
  "time": "2025-10-09T17:35:33+07:00"
}
{
  "data": {
    "error_code": "ERR_INTERNAL",
    "method": "GET",
    "path": "/api/v1/gateway/terms/68e383d66f4ac1ea78e1301b/previous",
    "status_code": 500
  },
  "level": "error",
  "msg": "get terms by orgID failed: %!w(\u003cnil\u003e)",
  "time": "2025-10-20T16:27:53+07:00"
}
{
  "data": {
    "error_code": "ERR_INTERNAL",
    "method": "GET",
    "path": "/api/v1/gateway/terms/68e383d66f4ac1ea78e1301b/previous",
    "status_code": 500
  },
  "level": "error",
  "msg": "get terms by orgID failed: %!w(\u003cnil\u003e)",
  "time": "2025-10-21T08:08:20+07:00"
}
{
  "data": {
    "error_code": "ERR_INTERNAL",
    "method": "GET",
    "path": "/api/v1/gateway/terms/68e383d66f4ac1ea78e1301b/previous",
    "status_code": 500
  },
  "level": "error",
  "msg": "get terms by orgID failed: %!w(\u003cnil\u003e)",
  "time": "2025-10-21T08:10:50+07:00"
}
{
  "data": {
    "error_code": "ERR_INTERNAL",
    "method": "GET",
    "path": "/api/v1/gateway/terms/68e383d66f4ac1ea78e1301b/previous",
    "status_code": 500
  },
  "level": "error",
  "msg": "get terms by orgID failed: %!w(\u003cnil\u003e)",
  "time": "2025-10-21T08:20:39+07:00"
}
{
  "data": {
    "error_code": "ERR_INTERNAL",
    "method": "GET",
    "path": "/api/v1/gateway/terms/68e383d66f4ac1ea78e1301b/previous",
    "status_code": 500
  },
  "level": "error",
  "msg": "get terms by orgID failed: %!w(\u003cnil\u003e)",
  "time": "2025-10-21T09:13:53+07:00"
}
{
  "data": {
    "error_code": "ERR_INTERNAL",
    "method": "GET",
    "path": "/api/v1/gateway/terms/68e383d66f4ac1ea78e1301b/previous",
    "status_code": 500
  },
  "level": "error",
  "msg": "get terms by orgID failed: %!w(\u003cnil\u003e)",
  "time": "2025-10-21T09:22:18+07:00"
}
{
  "data": {
    "error_code": "ERR_INTERNAL",
    "method": "GET",
    "path": "/api/v1/gateway/terms/68e383d66f4ac1ea78e1301b/previous",
    "status_code": 500
  },
  "level": "error",
  "msg": "get terms by orgID failed: %!w(\u003cnil\u003e)",
  "time": "2025-10-21T09:22:38+07:00"
}
{
  "data": {
    "error_code": "ERR_INTERNAL",
    "method": "GET",
    "path": "/api/v1/gateway/terms/68e383d66f4ac1ea78e1301b/previous",
    "status_code": 500
  },
  "level": "error",
  "msg": "get terms by orgID failed: %!w(\u003cnil\u003e)",
  "time": "2025-10-21T09:25:13+07:00"
}
{
  "data": {
    "error_code": "ERR_INTERNAL",
    "method": "GET",
    "path": "/api/v1/gateway/terms/68e383d66f4ac1ea78e1301b/previous",
    "status_code": 500
  },
  "level": "error",
  "msg": "get terms by orgID failed: %!w(\u003cnil\u003e)",
  "time": "2025-10-21T09:27:00+07:00"
}
{
  "data": {
    "error_code": "ERR_INTERNAL",
    "method": "GET",
    "path": "/api/v1/gateway/terms/68e383d66f4ac1ea78e1301b/previous",
    "status_code": 500
  },
  "level": "error",
  "msg": "get terms by orgID failed: %!w(\u003cnil\u003e)",
  "time": "2025-10-21T09:27:26+07:00"
}
{
  "data": {
    "error_code": "ERR_INTERNAL",
    "method": "GET",
    "path": "/api/v1/gateway/terms/68e383d66f4ac1ea78e1301b/previous",
    "status_code": 500
  },
  "level": "error",
  "msg": "get terms by orgID failed: %!w(\u003cnil\u003e)",
  "time": "2025-10-21T09:35:52+07:00"
}
{
  "data": {
    "error_code": "ERR_INTERNAL",
    "method": "GET",
    "path": "/api/v1/gateway/terms/68e383d66f4ac1ea78e1301b/previous",
    "status_code": 500
  },
  "level": "error",
  "msg": "get terms by orgID failed: %!w(\u003cnil\u003e)",
  "time": "2025-10-23T09:10:47+07:00"
}
{
  "data": {
    "error_code": "ERR_INTERNAL",
    "method": "GET",
    "path": "/api/v1/gateway/terms/68e383d66f4ac1ea78e1301b/previous",
    "status_code": 500
  },
  "level": "error",
  "msg": "get terms by orgID failed: %!w(\u003cnil\u003e)",
  "time": "2025-10-23T09:10:48+07:00"
}
{
  "data": {
    "error_code": "ERR_INTERNAL",
    "method": "GET",
    "path": "/api/v1/gateway/terms/68e383d66f4ac1ea78e1301b/previous",
    "status_code": 500
  },
  "level": "error",
  "msg": "get terms by orgID failed: %!w(\u003cnil\u003e)",
  "time": "2025-10-23T09:10:48+07:00"
}
{
  "data": {
    "error_code": "ERR_INTERNAL",
    "method": "GET",
    "path": "/api/v1/gateway/terms/68e383d66f4ac1ea78e1301b/previous",
    "status_code": 500
  },
  "level": "error",
  "msg": "get terms by orgID failed: %!w(\u003cnil\u003e)",
  "time": "2025-10-23T09:10:59+07:00"
}
{
  "data": {
    "error_code": "ERR_INTERNAL",
    "method": "GET",
    "path": "/api/v1/gateway/terms/68e383d66f4ac1ea78e1301b/previous",
    "status_code": 500
  },
  "level": "error",
  "msg": "get terms by orgID failed: %!w(\u003cnil\u003e)",
  "time": "2025-10-23T09:10:59+07:00"
}
{
  "data": {
    "error_code": "ERR_INTERNAL",
    "method": "GET",
    "path": "/api/v1/gateway/terms/68e383d66f4ac1ea78e1301b/previous",
    "status_code": 500
  },
  "level": "error",
  "msg": "get terms by orgID failed: %!w(\u003cnil\u003e)",
  "time": "2025-10-23T13:59:20+07:00"
}
{
  "data": {
    "error_code": "ERR_INTERNAL",
    "method": "GET",
    "path": "/api/v1/gateway/terms/68e383d66f4ac1ea78e1301b/previous",
    "status_code": 500
  },
  "level": "error",
  "msg": "get terms by orgID failed: %!w(\u003cnil\u003e)",
  "time": "2025-10-23T14:00:40+07:00"
}
{
  "data": {
    "error_code": "ERR_INTERNAL",
    "method": "GET",
    "path": "/api/v1/gateway/terms/68e383d66f4ac1ea78e1301b/previous",
    "status_code": 500
  },
  "level": "error",
  "msg": "get terms by orgID failed: %!w(\u003cnil\u003e)",
  "time": "2025-10-23T14:03:55+07:00"
}
{
  "data": {
    "error_code": "ERR_INTERNAL",
    "method": "GET",
    "path": "/api/v1/gateway/terms/68e383d66f4ac1ea78e1301b/previous",
    "status_code": 500
  },
  "level": "error",
  "msg": "get terms by orgID failed: %!w(\u003cnil\u003e)",
  "time": "2025-10-23T14:06:00+07:00"
}
{
  "data": {
    "error_code": "ERR_INTERNAL",
    "method": "GET",
    "path": "/api/v1/gateway/terms/68e383d66f4ac1ea78e1301b/previous",
    "status_code": 500
  },
  "level": "error",
  "msg": "get terms by orgID failed: %!w(\u003cnil\u003e)",
  "time": "2025-10-23T14:09:59+07:00"
}
{
  "data": {
    "error_code": "ERR_INTERNAL",
    "method": "GET",
    "path": "/api/v1/gateway/terms/68e383d66f4ac1ea78e1301b/previous",
    "status_code": 500
  },
  "level": "error",
  "msg": "get terms by orgID failed: %!w(\u003cnil\u003e)",
  "time": "2025-10-23T14:11:43+07:00"
}
{
  "data": {
    "error_code": "ERR_INTERNAL",
    "method": "GET",
    "path": "/api/v1/gateway/terms/68e383d66f4ac1ea78e1301b/previous",
    "status_code": 500
  },
  "level": "error",
  "msg": "get terms by orgID failed: %!w(\u003cnil\u003e)",
  "time": "2025-10-23T14:13:14+07:00"
}
{
  "data": {
    "error_code": "ERR_INTERNAL",
    "method": "GET",
    "path": "/api/v1/gateway/terms/68e383d66f4ac1ea78e1301b/previous",
    "status_code": 500
  },
  "level": "error",
  "msg": "get terms by orgID failed: %!w(\u003cnil\u003e)",
  "time": "2025-10-23T14:13:32+07:00"
}
{
  "data": {
    "error_code": "ERR_INTERNAL",
    "method": "GET",
    "path": "/api/v1/gateway/terms/68e383d66f4ac1ea78e1301b/previous",
    "status_code": 500
  },
  "level": "error",
  "msg": "get terms by orgID failed: %!w(\u003cnil\u003e)",
  "time": "2025-10-23T14:23:10+07:00"
}
{
  "data": {
    "error_code": "ERR_INTERNAL",
    "method": "GET",
    "path": "/api/v1/gateway/terms/68e383d66f4ac1ea78e1301b/previous",
    "status_code": 500
  },
  "level": "error",
  "msg": "get terms by orgID failed: %!w(\u003cnil\u003e)",
  "time": "2025-10-23T14:23:10+07:00"
}
{
  "data": {
    "error_code": "ERR_INTERNAL",
    "method": "GET",
    "path": "/api/v1/gateway/terms/68e383d66f4ac1ea78e1301b/previous",
    "status_code": 500
  },
  "level": "error",
  "msg": "get terms by orgID failed: %!w(\u003cnil\u003e)",
  "time": "2025-10-23T14:23:40+07:00"
}
{
  "data": {
    "error_code": "ERR_INTERNAL",
    "method": "GET",
    "path": "/api/v1/gateway/terms/68e383d66f4ac1ea78e1301b/previous",
    "status_code": 500
  },
  "level": "error",
  "msg": "get terms by orgID failed: %!w(\u003cnil\u003e)",
  "time": "2025-10-23T14:23:40+07:00"
}
{
  "data": {
    "error_code": "ERR_INTERNAL",
    "method": "GET",
    "path": "/api/v1/gateway/terms/68e383d66f4ac1ea78e1301b/previous",
    "status_code": 500
  },
  "level": "error",
  "msg": "get terms by orgID failed: %!w(\u003cnil\u003e)",
  "time": "2025-10-23T14:24:26+07:00"
}
{
  "data": {
    "error_code": "ERR_INTERNAL",
    "method": "GET",
    "path": "/api/v1/gateway/terms/68e383d66f4ac1ea78e1301b/previous",
    "status_code": 500
  },
  "level": "error",
  "msg": "get terms by orgID failed: %!w(\u003cnil\u003e)",
  "time": "2025-10-23T14:24:26+07:00"
}
{
  "data": {
    "error_code": "ERR_INTERNAL",
    "method": "GET",
    "path": "/api/v1/gateway/terms/68e383d66f4ac1ea78e1301b/previous",
    "status_code": 500
  },
  "level": "error",
  "msg": "get terms by orgID failed: %!w(\u003cnil\u003e)",
  "time": "2025-10-23T14:24:27+07:00"
}
{
  "data": {
    "error_code": "ERR_INTERNAL",
    "method": "GET",
    "path": "/api/v1/gateway/terms/68e383d66f4ac1ea78e1301b/previous",
    "status_code": 500
  },
  "level": "error",
  "msg": "get terms by orgID failed: %!w(\u003cnil\u003e)",
  "time": "2025-10-23T14:26:06+07:00"
}
{
  "data": {
    "error_code": "ERR_INTERNAL",
    "method": "GET",
    "path": "/api/v1/gateway/terms/68e383d66f4ac1ea78e1301b/previous",
    "status_code": 500
  },
  "level": "error",
  "msg": "get terms by orgID failed: %!w(\u003cnil\u003e)",
  "time": "2025-10-23T14:26:06+07:00"
}
{
  "data": {
    "error_code": "ERR_INTERNAL",
    "method": "GET",
    "path": "/api/v1/gateway/terms/68e383d66f4ac1ea78e1301b/previous",
    "status_code": 500
  },
  "level": "error",
  "msg": "get terms by orgID failed: %!w(\u003cnil\u003e)",
  "time": "2025-10-23T14:26:07+07:00"
}
{
  "data": {
    "error_code": "ERR_INTERNAL",
    "method": "GET",
    "path": "/api/v1/gateway/terms/68e383d66f4ac1ea78e1301b/previous",
    "status_code": 500
  },
  "level": "error",
  "msg": "get terms by orgID failed: %!w(\u003cnil\u003e)",
  "time": "2025-10-23T14:29:18+07:00"
}
{
  "data": {
    "error_code": "ERR_INTERNAL",
    "method": "GET",
    "path": "/api/v1/gateway/terms/68e383d66f4ac1ea78e1301b/previous",
    "status_code": 500
  },
  "level": "error",
  "msg": "get terms by orgID failed: %!w(\u003cnil\u003e)",
  "time": "2025-10-23T14:29:18+07:00"
}
{
  "data": {
    "error_code": "ERR_INTERNAL",
    "method": "GET",
    "path": "/api/v1/gateway/terms/68e383d66f4ac1ea78e1301b/previous",
    "status_code": 500
  },
  "level": "error",
  "msg": "get terms by orgID failed: %!w(\u003cnil\u003e)",
  "time": "2025-10-23T14:29:18+07:00"
}
{
  "data": {
    "error_code": "ERR_INTERNAL",
    "method": "GET",
    "path": "/api/v1/gateway/terms/68e383d66f4ac1ea78e1301b/previous",
    "status_code": 500
  },
  "level": "error",
  "msg": "get terms by orgID failed: %!w(\u003cnil\u003e)",
  "time": "2025-10-23T16:43:32+07:00"
}
{
  "data": {
    "error_code": "ERR_INTERNAL",
    "method": "GET",
    "path": "/api/v1/gateway/terms/68e383d66f4ac1ea78e1301b/previous",
    "status_code": 500
  },
  "level": "error",
  "msg": "get terms by orgID failed: %!w(\u003cnil\u003e)",
  "time": "2025-10-23T16:43:33+07:00"
}
{
  "data": {
    "error_code": "ERR_INTERNAL",
    "method": "GET",
    "path": "/api/v1/gateway/terms/68e383d66f4ac1ea78e1301b/previous",
    "status_code": 500
  },
  "level": "error",
  "msg": "get terms by orgID failed: %!w(\u003cnil\u003e)",
  "time": "2025-10-23T16:43:33+07:00"
}
{
  "data": {
    "error_code": "ERR_INTERNAL",
    "method": "GET",
    "path": "/api/v1/gateway/terms/68e383d66f4ac1ea78e1301b/previous",
    "status_code": 500
  },
  "level": "error",
  "msg": "get terms by orgID failed: %!w(\u003cnil\u003e)",
  "time": "2025-10-23T16:44:26+07:00"
}
{
  "data": {
    "error_code": "ERR_INTERNAL",
    "method": "GET",
    "path": "/api/v1/gateway/terms/68e383d66f4ac1ea78e1301b/previous",
    "status_code": 500
  },
  "level": "error",
  "msg": "get terms by orgID failed: %!w(\u003cnil\u003e)",
  "time": "2025-10-23T16:44:27+07:00"
}
{
  "data": {
    "error_code": "ERR_INTERNAL",
    "method": "GET",
    "path": "/api/v1/gateway/terms/68e383d66f4ac1ea78e1301b/previous",
    "status_code": 500
  },
  "level": "error",
  "msg": "get terms by orgID failed: %!w(\u003cnil\u003e)",
  "time": "2025-10-23T16:45:08+07:00"
}
{
  "data": {
    "error_code": "ERR_INTERNAL",
    "method": "GET",
    "path": "/api/v1/gateway/terms/68e383d66f4ac1ea78e1301b/previous",
    "status_code": 500
  },
  "level": "error",
  "msg": "get terms by orgID failed: %!w(\u003cnil\u003e)",
  "time": "2025-10-23T16:45:29+07:00"
}
{
  "data": {
    "error_code": "ERR_INVALID_OPERATION",
    "method": "POST",
    "path": "/api/v1/admin/profiles/owner-code/student/generate",
    "status_code": 500
  },
  "level": "error",
  "msg": "write exception: write errors: [E11000 duplicate key error collection: profile_service.owner_code index: _id_ dup key: { _id: ObjectId('000000000000000000000000') }]",
  "time": "2025-10-27T10:53:03+07:00"
}
{
  "data": {
    "error_code": "ERR_INVALID_OPERATION",
    "method": "POST",
    "path": "/api/v1/gateway/profiles/owner-code/teacher/generate",
    "status_code": 500
  },
  "level": "error",
  "msg": "owner code for owner_id=5849b67e-83e4-4a64-8d79-00611ef26b54 and role=teacher already exists",
  "time": "2025-10-28T11:38:39+07:00"
}
{
  "data": {
    "error_code": "ERR_INVALID_OPERATION",
    "method": "POST",
    "path": "/api/v1/gateway/profiles/owner-code/teacher/generate",
    "status_code": 500
  },
  "level": "error",
  "msg": "owner code for owner_id=33e0292c-9e65-4f27-ab54-da4913928f86 and role=teacher already exists",
  "time": "2025-10-28T11:39:02+07:00"
}
{
  "data": {
    "error_code": "ERR_INVALID_OPERATION",
    "method": "POST",
    "path": "/api/v1/gateway/profiles/owner-code/teacher/generate",
    "status_code": 500
  },
  "level": "error",
  "msg": "owner code for owner_id=5849b67e-83e4-4a64-8d79-00611ef26b54 and role=teacher already exists",
  "time": "2025-10-28T11:39:04+07:00"
}
{
  "data": {
    "error_code": "ERR_INVALID_OPERATION",
    "method": "POST",
    "path": "/api/v1/gateway/profiles/owner-code/teacher/generate",
    "status_code": 500
  },
  "level": "error",
  "msg": "owner code for owner_id=33e0292c-9e65-4f27-ab54-da4913928f86 and role=teacher already exists",
  "time": "2025-10-28T14:38:57+07:00"
}
{
  "data": {
    "error_code": "ERR_INVALID_OPERATION",
    "method": "POST",
    "path": "/api/v1/gateway/profiles/owner-code/teacher/generate",
    "status_code": 500
  },
  "level": "error",
  "msg": "owner code for owner_id=30deca2e-3b31-4c9b-8a73-fa04340538b9 and role=teacher already exists",
  "time": "2025-10-28T14:39:05+07:00"
}
{
  "data": {
    "error_code": "ERR_INVALID_OPERATION",
    "method": "POST",
    "path": "/api/v1/gateway/profiles/owner-code/teacher/generate",
    "status_code": 500
  },
  "level": "error",
  "msg": "owner code for owner_id=33e0292c-9e65-4f27-ab54-da4913928f86 and role=teacher already exists",
  "time": "2025-10-28T14:39:05+07:00"
}
{
  "data": {
    "error_code": "ERR_INVALID_OPERATION",
    "method": "POST",
    "path": "/api/v1/gateway/profiles/owner-code/teacher/generate",
    "status_code": 500
  },
  "level": "error",
  "msg": "owner code for owner_id=30deca2e-3b31-4c9b-8a73-fa04340538b9 and role=teacher already exists",
  "time": "2025-10-28T14:39:12+07:00"
}
{
  "data": {
    "error_code": "ERR_INVALID_OPERATION",
    "method": "POST",
    "path": "/api/v1/gateway/profiles/owner-code/teacher/generate",
    "status_code": 500
  },
  "level": "error",
  "msg": "owner code for owner_id=33e0292c-9e65-4f27-ab54-da4913928f86 and role=teacher already exists",
  "time": "2025-10-28T14:39:12+07:00"
}
{
  "data": {
    "error_code": "ERR_INVALID_OPERATION",
    "method": "POST",
    "path": "/api/v1/gateway/profiles/owner-code/staff/generate",
    "status_code": 500
  },
  "level": "error",
  "msg": "owner code for owner_id=5eba0995-cb77-4b1c-9bf0-68ed87c57f46 and role=staff already exists",
  "time": "2025-10-28T14:43:50+07:00"
}
{
  "data": {
    "error_code": "ERR_INVALID_OPERATION",
    "method": "POST",
    "path": "/api/v1/gateway/profiles/owner-code/staff/generate",
    "status_code": 500
  },
  "level": "error",
  "msg": "owner code for owner_id=5eba0995-cb77-4b1c-9bf0-68ed87c57f46 and role=staff already exists",
  "time": "2025-10-28T14:45:42+07:00"
}
{
  "data": {
    "error_code": "ERR_INVALID_OPERATION",
    "method": "POST",
    "path": "/api/v1/gateway/profiles/owner-code/parent/generate",
    "status_code": 500
  },
  "level": "error",
  "msg": "owner code for owner_id=864246aa-a8f6-11f0-8285-4604cc64593a and role=parent already exists",
  "time": "2025-10-28T14:46:02+07:00"
}
{
  "data": {
    "error_code": "ERR_INVALID_OPERATION",
    "method": "POST",
    "path": "/api/v1/gateway/profiles/owner-code/parent/generate",
    "status_code": 500
  },
  "level": "error",
  "msg": "owner code for owner_id=864246aa-a8f6-11f0-8285-4604cc64593a and role=parent already exists",
  "time": "2025-10-28T14:46:07+07:00"
}
{
  "data": {
    "error_code": "ERR_INVALID_OPERATION",
    "method": "POST",
    "path": "/api/v1/gateway/profiles/owner-code/user/generate",
    "status_code": 500
  },
  "level": "error",
  "msg": "owner code for owner_id=3def635d-476a-11f0-a217-66a8df12cfbc and role=user already exists",
  "time": "2025-10-28T14:47:31+07:00"
}
{
  "data": {
    "error_code": "ERR_INVALID_OPERATION",
    "method": "POST",
    "path": "/api/v1/gateway/profiles/owner-code/user/generate",
    "status_code": 500
  },
  "level": "error",
  "msg": "owner code for owner_id=48726140-45d5-11f0-bc9f-16b1076c7f5e and role=user already exists",
  "time": "2025-10-28T14:47:32+07:00"
}
{
  "data": {
    "error_code": "ERR_INVALID_OPERATION",
    "method": "POST",
    "path": "/api/v1/gateway/profiles/owner-code/user/generate",
    "status_code": 500
  },
  "level": "error",
  "msg": "owner code for owner_id=eac98313-6eb0-11f0-b511-96a79d96d7c0 and role=user already exists",
  "time": "2025-10-28T14:47:32+07:00"
}
{
  "data": {
    "error_code": "ERR_INVALID_OPERATION",
    "method": "POST",
    "path": "/api/v1/gateway/profiles/owner-code/user/generate",
    "status_code": 500
  },
  "level": "error",
  "msg": "owner code for owner_id=ec23db1d-1297-4175-bfa8-9d06bfd0767a and role=user already exists",
  "time": "2025-10-28T14:47:32+07:00"
}
{
  "data": {
    "error_code": "ERR_INVALID_OPERATION",
    "method": "POST",
    "path": "/api/v1/gateway/profiles/owner-code/user/generate",
    "status_code": 500
  },
  "level": "error",
  "msg": "owner code for owner_id=45362a61-6c66-11f0-9365-3208eca1f6b5 and role=user already exists",
  "time": "2025-10-28T14:47:36+07:00"
}
{
  "data": {
    "error_code": "ERR_INVALID_OPERATION",
    "method": "POST",
    "path": "/api/v1/gateway/profiles/owner-code/user/generate",
    "status_code": 500
  },
  "level": "error",
  "msg": "owner code for owner_id=48ac1fec-92ac-11f0-b358-4604cc64593a and role=user already exists",
  "time": "2025-10-28T14:47:36+07:00"
}
{
  "data": {
    "error_code": "ERR_INVALID_OPERATION",
    "method": "POST",
    "path": "/api/v1/gateway/profiles/owner-code/user/generate",
    "status_code": 500
  },
  "level": "error",
  "msg": "owner code for owner_id=4ecb1522-8965-11f0-90d6-4604cc645939 and role=user already exists",
  "time": "2025-10-28T14:47:36+07:00"
}
{
  "data": {
    "error_code": "ERR_INVALID_OPERATION",
    "method": "POST",
    "path": "/api/v1/gateway/profiles/owner-code/user/generate",
    "status_code": 500
  },
  "level": "error",
  "msg": "owner code for owner_id=eac98313-6eb0-11f0-b511-96a79d96d7c0 and role=user already exists",
  "time": "2025-10-28T14:47:36+07:00"
}
{
  "data": {
    "error_code": "ERR_INVALID_OPERATION",
    "method": "POST",
    "path": "/api/v1/gateway/profiles/owner-code/user/generate",
    "status_code": 500
  },
  "level": "error",
  "msg": "owner code for owner_id=ec23db1d-1297-4175-bfa8-9d06bfd0767a and role=user already exists",
  "time": "2025-10-28T14:47:36+07:00"
}
{
  "data": {
    "error_code": "ERR_INVALID_OPERATION",
    "method": "POST",
    "path": "/api/v1/gateway/profiles/owner-code/user/generate",
    "status_code": 500
  },
  "level": "error",
  "msg": "owner code for owner_id=1cd4c400-92ac-11f0-8514-4604cc64593a and role=user already exists",
  "time": "2025-10-28T14:47:40+07:00"
}
{
  "data": {
    "error_code": "ERR_INVALID_OPERATION",
    "method": "POST",
    "path": "/api/v1/gateway/profiles/owner-code/user/generate",
    "status_code": 500
  },
  "level": "error",
  "msg": "owner code for owner_id=3def635d-476a-11f0-a217-66a8df12cfbc and role=user already exists",
  "time": "2025-10-28T14:47:40+07:00"
}
{
  "data": {
    "error_code": "ERR_INVALID_OPERATION",
    "method": "POST",
    "path": "/api/v1/gateway/profiles/owner-code/user/generate",
    "status_code": 500
  },
  "level": "error",
  "msg": "owner code for owner_id=48726140-45d5-11f0-bc9f-16b1076c7f5e and role=user already exists",
  "time": "2025-10-28T14:47:40+07:00"
}
{
  "data": {
    "error_code": "ERR_INVALID_OPERATION",
    "method": "POST",
    "path": "/api/v1/gateway/profiles/owner-code/user/generate",
    "status_code": 500
  },
  "level": "error",
  "msg": "owner code for owner_id=48ac1fec-92ac-11f0-b358-4604cc64593a and role=user already exists",
  "time": "2025-10-28T14:47:40+07:00"
}
{
  "data": {
    "error_code": "ERR_INVALID_OPERATION",
    "method": "POST",
    "path": "/api/v1/gateway/profiles/owner-code/user/generate",
    "status_code": 500
  },
  "level": "error",
  "msg": "owner code for owner_id=9b09968d-4b30-11f0-8b35-7adebf8fa0e6 and role=user already exists",
  "time": "2025-10-28T14:47:40+07:00"
}
{
  "data": {
    "error_code": "ERR_INVALID_OPERATION",
    "method": "POST",
    "path": "/api/v1/gateway/profiles/owner-code/user/generate",
    "status_code": 500
  },
  "level": "error",
  "msg": "owner code for owner_id=c68fbee2-6eb4-11f0-bbfe-060e36555004 and role=user already exists",
  "time": "2025-10-28T14:47:40+07:00"
}
{
  "data": {
    "error_code": "ERR_INVALID_OPERATION",
    "method": "POST",
    "path": "/api/v1/gateway/profiles/owner-code/user/generate",
    "status_code": 500
  },
  "level": "error",
  "msg": "owner code for owner_id=3def635d-476a-11f0-a217-66a8df12cfbc and role=user already exists",
  "time": "2025-10-28T14:47:43+07:00"
}
{
  "data": {
    "error_code": "ERR_INVALID_OPERATION",
    "method": "POST",
    "path": "/api/v1/gateway/profiles/owner-code/user/generate",
    "status_code": 500
  },
  "level": "error",
  "msg": "owner code for owner_id=45362a61-6c66-11f0-9365-3208eca1f6b5 and role=user already exists",
  "time": "2025-10-28T14:47:43+07:00"
}
{
  "data": {
    "error_code": "ERR_INVALID_OPERATION",
    "method": "POST",
    "path": "/api/v1/gateway/profiles/owner-code/user/generate",
    "status_code": 500
  },
  "level": "error",
  "msg": "owner code for owner_id=4ecb1522-8965-11f0-90d6-4604cc645939 and role=user already exists",
  "time": "2025-10-28T14:47:43+07:00"
}
{
  "data": {
    "error_code": "ERR_INVALID_OPERATION",
    "method": "POST",
    "path": "/api/v1/gateway/profiles/owner-code/user/generate",
    "status_code": 500
  },
  "level": "error",
  "msg": "owner code for owner_id=7c28b298-8179-11f0-8716-4604cc64593a and role=user already exists",
  "time": "2025-10-28T14:47:44+07:00"
}
{
  "data": {
    "error_code": "ERR_INVALID_OPERATION",
    "method": "POST",
    "path": "/api/v1/gateway/profiles/owner-code/user/generate",
    "status_code": 500
  },
  "level": "error",
  "msg": "owner code for owner_id=9b09968d-4b30-11f0-8b35-7adebf8fa0e6 and role=user already exists",
  "time": "2025-10-28T14:47:44+07:00"
}
{
  "data": {
    "error_code": "ERR_INVALID_OPERATION",
    "method": "POST",
    "path": "/api/v1/gateway/profiles/owner-code/user/generate",
    "status_code": 500
  },
  "level": "error",
  "msg": "owner code for owner_id=c68fbee2-6eb4-11f0-bbfe-060e36555004 and role=user already exists",
  "time": "2025-10-28T14:47:44+07:00"
}
{
  "data": {
    "error_code": "ERR_INVALID_OPERATION",
    "method": "POST",
    "path": "/api/v1/gateway/profiles/owner-code/user/generate",
    "status_code": 500
  },
  "level": "error",
  "msg": "owner code for owner_id=ec23db1d-1297-4175-bfa8-9d06bfd0767a and role=user already exists",
  "time": "2025-10-28T14:47:44+07:00"
}
{
  "data": {
    "error_code": "ERR_INVALID_OPERATION",
    "method": "POST",
    "path": "/api/v1/gateway/profiles/owner-code/user/generate",
    "status_code": 500
  },
  "level": "error",
  "msg": "owner code for owner_id=f6aea115-4637-465f-9d15-5e77b9888fc9 and role=user already exists",
  "time": "2025-10-28T14:47:44+07:00"
}
{
  "data": {
    "error_code": "ERR_INVALID_OPERATION",
    "method": "POST",
    "path": "/api/v1/gateway/profiles/owner-code/user/generate",
    "status_code": 500
  },
  "level": "error",
  "msg": "owner code for owner_id=3def635d-476a-11f0-a217-66a8df12cfbc and role=user already exists",
  "time": "2025-10-28T14:47:47+07:00"
}
{
  "data": {
    "error_code": "ERR_INVALID_OPERATION",
    "method": "POST",
    "path": "/api/v1/gateway/profiles/owner-code/user/generate",
    "status_code": 500
  },
  "level": "error",
  "msg": "owner code for owner_id=412746e4-8964-11f0-9ae9-4604cc645939 and role=user already exists",
  "time": "2025-10-28T14:47:47+07:00"
}
{
  "data": {
    "error_code": "ERR_INVALID_OPERATION",
    "method": "POST",
    "path": "/api/v1/gateway/profiles/owner-code/user/generate",
    "status_code": 500
  },
  "level": "error",
  "msg": "owner code for owner_id=45362a61-6c66-11f0-9365-3208eca1f6b5 and role=user already exists",
  "time": "2025-10-28T14:47:47+07:00"
}
{
  "data": {
    "error_code": "ERR_INVALID_OPERATION",
    "method": "POST",
    "path": "/api/v1/gateway/profiles/owner-code/user/generate",
    "status_code": 500
  },
  "level": "error",
  "msg": "owner code for owner_id=48ac1fec-92ac-11f0-b358-4604cc64593a and role=user already exists",
  "time": "2025-10-28T14:47:47+07:00"
}
{
  "data": {
    "error_code": "ERR_INVALID_OPERATION",
    "method": "POST",
    "path": "/api/v1/gateway/profiles/owner-code/user/generate",
    "status_code": 500
  },
  "level": "error",
  "msg": "owner code for owner_id=4ecb1522-8965-11f0-90d6-4604cc645939 and role=user already exists",
  "time": "2025-10-28T14:47:47+07:00"
}
{
  "data": {
    "error_code": "ERR_INVALID_OPERATION",
    "method": "POST",
    "path": "/api/v1/gateway/profiles/owner-code/user/generate",
    "status_code": 500
  },
  "level": "error",
  "msg": "owner code for owner_id=9b09968d-4b30-11f0-8b35-7adebf8fa0e6 and role=user already exists",
  "time": "2025-10-28T14:47:47+07:00"
}
{
  "data": {
    "error_code": "ERR_INVALID_OPERATION",
    "method": "POST",
    "path": "/api/v1/gateway/profiles/owner-code/user/generate",
    "status_code": 500
  },
  "level": "error",
  "msg": "owner code for owner_id=c68fbee2-6eb4-11f0-bbfe-060e36555004 and role=user already exists",
  "time": "2025-10-28T14:47:47+07:00"
}
{
  "data": {
    "error_code": "ERR_INVALID_OPERATION",
    "method": "POST",
    "path": "/api/v1/gateway/profiles/owner-code/user/generate",
    "status_code": 500
  },
  "level": "error",
  "msg": "owner code for owner_id=f6aea115-4637-465f-9d15-5e77b9888fc9 and role=user already exists",
  "time": "2025-10-28T14:47:47+07:00"
}
{
  "data": {
    "error_code": "ERR_INVALID_OPERATION",
    "method": "POST",
    "path": "/api/v1/gateway/profiles/owner-code/child/generate",
    "status_code": 500
  },
  "level": "error",
  "msg": "owner code for owner_id=2f5a30f7-ac13-4654-9701-8fba9472e0e2 and role=child already exists",
  "time": "2025-10-28T14:48:18+07:00"
}
{
  "data": {
    "error_code": "ERR_INVALID_OPERATION",
    "method": "POST",
    "path": "/api/v1/gateway/profiles/owner-code/child/generate",
    "status_code": 500
  },
  "level": "error",
  "msg": "owner code for owner_id=942dd297-d545-4926-b913-1ec1b0fe32f2 and role=child already exists",
  "time": "2025-10-28T14:48:18+07:00"
}
{
  "data": {
    "error_code": "ERR_INVALID_OPERATION",
    "method": "POST",
    "path": "/api/v1/gateway/profiles/owner-code/child/generate",
    "status_code": 500
  },
  "level": "error",
  "msg": "owner code for owner_id=f1b9286f-4c58-407a-905c-3ae068fb2559 and role=child already exists",
  "time": "2025-10-28T14:48:18+07:00"
}
{
  "data": {
    "error_code": "ERR_INVALID_OPERATION",
    "method": "POST",
    "path": "/api/v1/gateway/profiles/owner-code/child/generate",
    "status_code": 500
  },
  "level": "error",
  "msg": "owner code for owner_id=f1b9286f-4c58-407a-905c-3ae068fb2559 and role=child already exists",
  "time": "2025-10-28T14:48:22+07:00"
}
{
  "data": {
    "error_code": "ERR_INVALID_OPERATION",
    "method": "POST",
    "path": "/api/v1/gateway/profiles/owner-code/child/generate",
    "status_code": 500
  },
  "level": "error",
  "msg": "owner code for owner_id=78de4909-3c23-4ac8-8435-96c3ee90efb7 and role=child already exists",
  "time": "2025-10-28T14:48:26+07:00"
}
{
  "data": {
    "error_code": "ERR_INVALID_OPERATION",
    "method": "POST",
    "path": "/api/v1/gateway/profiles/owner-code/child/generate",
    "status_code": 500
  },
  "level": "error",
  "msg": "owner code for owner_id=2f5a30f7-ac13-4654-9701-8fba9472e0e2 and role=child already exists",
  "time": "2025-10-28T14:48:37+07:00"
}
{
  "data": {
    "error_code": "ERR_INVALID_OPERATION",
    "method": "POST",
    "path": "/api/v1/gateway/profiles/owner-code/child/generate",
    "status_code": 500
  },
  "level": "error",
  "msg": "owner code for owner_id=78de4909-3c23-4ac8-8435-96c3ee90efb7 and role=child already exists",
  "time": "2025-10-28T14:48:37+07:00"
}
{
  "data": {
    "error_code": "ERR_INVALID_OPERATION",
    "method": "POST",
    "path": "/api/v1/gateway/profiles/owner-code/child/generate",
    "status_code": 500
  },
  "level": "error",
  "msg": "owner code for owner_id=f1b9286f-4c58-407a-905c-3ae068fb2559 and role=child already exists",
  "time": "2025-10-28T14:48:37+07:00"
}
{
  "data": {
    "error_code": "ERR_INVALID_OPERATION",
    "method": "POST",
    "path": "/api/v1/gateway/profiles/owner-code/child/generate",
    "status_code": 500
  },
  "level": "error",
  "msg": "owner code for owner_id=436841af-eed2-42b4-8a97-7b408c57d902 and role=child already exists",
  "time": "2025-10-28T14:48:43+07:00"
}
{
  "data": {
    "error_code": "ERR_INVALID_OPERATION",
    "method": "POST",
    "path": "/api/v1/gateway/profiles/owner-code/child/generate",
    "status_code": 500
  },
  "level": "error",
  "msg": "owner code for owner_id=942dd297-d545-4926-b913-1ec1b0fe32f2 and role=child already exists",
  "time": "2025-10-28T14:48:43+07:00"
}
{
  "data": {
    "error_code": "ERR_INVALID_OPERATION",
    "method": "POST",
    "path": "/api/v1/gateway/profiles/owner-code/child/generate",
    "status_code": 500
  },
  "level": "error",
  "msg": "owner code for owner_id=f1b9286f-4c58-407a-905c-3ae068fb2559 and role=child already exists",
  "time": "2025-10-28T14:48:43+07:00"
}
{
  "data": {
    "error_code": "ERR_INVALID_OPERATION",
    "method": "POST",
    "path": "/api/v1/gateway/profiles/owner-code/child/generate",
    "status_code": 500
  },
  "level": "error",
  "msg": "owner code for owner_id=2f5a30f7-ac13-4654-9701-8fba9472e0e2 and role=child already exists",
  "time": "2025-10-28T14:48:44+07:00"
}
{
  "data": {
    "error_code": "ERR_INVALID_OPERATION",
    "method": "POST",
    "path": "/api/v1/gateway/profiles/owner-code/child/generate",
    "status_code": 500
  },
  "level": "error",
  "msg": "owner code for owner_id=78de4909-3c23-4ac8-8435-96c3ee90efb7 and role=child already exists",
  "time": "2025-10-28T14:48:44+07:00"
}
{
  "data": {
    "error_code": "ERR_INVALID_OPERATION",
    "method": "POST",
    "path": "/api/v1/gateway/profiles/owner-code/child/generate",
    "status_code": 500
  },
  "level": "error",
  "msg": "owner code for owner_id=942dd297-d545-4926-b913-1ec1b0fe32f2 and role=child already exists",
  "time": "2025-10-28T14:48:44+07:00"
}
{
  "data": {
    "error_code": "ERR_INVALID_OPERATION",
    "method": "POST",
    "path": "/api/v1/gateway/profiles/owner-code/child/generate",
    "status_code": 500
  },
  "level": "error",
  "msg": "owner code for owner_id=2f5a30f7-ac13-4654-9701-8fba9472e0e2 and role=child already exists",
  "time": "2025-10-28T14:48:45+07:00"
}
{
  "data": {
    "error_code": "ERR_INVALID_OPERATION",
    "method": "POST",
    "path": "/api/v1/gateway/profiles/owner-code/child/generate",
    "status_code": 500
  },
  "level": "error",
  "msg": "owner code for owner_id=436841af-eed2-42b4-8a97-7b408c57d902 and role=child already exists",
  "time": "2025-10-28T14:48:45+07:00"
}
{
  "data": {
    "error_code": "ERR_INVALID_OPERATION",
    "method": "POST",
    "path": "/api/v1/gateway/profiles/owner-code/child/generate",
    "status_code": 500
  },
  "level": "error",
  "msg": "owner code for owner_id=78de4909-3c23-4ac8-8435-96c3ee90efb7 and role=child already exists",
  "time": "2025-10-28T14:48:45+07:00"
}
{
  "data": {
    "error_code": "ERR_INVALID_OPERATION",
    "method": "POST",
    "path": "/api/v1/gateway/profiles/owner-code/child/generate",
    "status_code": 500
  },
  "level": "error",
  "msg": "owner code for owner_id=f1b9286f-4c58-407a-905c-3ae068fb2559 and role=child already exists",
  "time": "2025-10-28T14:48:45+07:00"
}
{
  "data": {
    "error_code": "ERR_INVALID_OPERATION",
    "method": "POST",
    "path": "/api/v1/gateway/profiles/owner-code/child/generate",
    "status_code": 500
  },
  "level": "error",
  "msg": "owner code for owner_id=2f5a30f7-ac13-4654-9701-8fba9472e0e2 and role=child already exists",
  "time": "2025-10-28T14:48:45+07:00"
}
{
  "data": {
    "error_code": "ERR_INVALID_OPERATION",
    "method": "POST",
    "path": "/api/v1/gateway/profiles/owner-code/child/generate",
    "status_code": 500
  },
  "level": "error",
  "msg": "owner code for owner_id=436841af-eed2-42b4-8a97-7b408c57d902 and role=child already exists",
  "time": "2025-10-28T14:48:46+07:00"
}
{
  "data": {
    "error_code": "ERR_INVALID_OPERATION",
    "method": "POST",
    "path": "/api/v1/gateway/profiles/owner-code/child/generate",
    "status_code": 500
  },
  "level": "error",
  "msg": "owner code for owner_id=f1b9286f-4c58-407a-905c-3ae068fb2559 and role=child already exists",
  "time": "2025-10-28T14:48:46+07:00"
}
{
  "data": {
    "error_code": "ERR_INVALID_OPERATION",
    "method": "POST",
    "path": "/api/v1/gateway/profiles/owner-code/teacher/generate",
    "status_code": 500
  },
  "level": "error",
  "msg": "owner code for owner_id=30deca2e-3b31-4c9b-8a73-fa04340538b9 and role=teacher already exists",
  "time": "2025-10-28T14:54:52+07:00"
}
{
  "data": {
    "error_code": "ERR_INVALID_OPERATION",
    "method": "POST",
    "path": "/api/v1/gateway/profiles/owner-code/teacher/generate",
    "status_code": 500
  },
  "level": "error",
  "msg": "owner code for owner_id=30deca2e-3b31-4c9b-8a73-fa04340538b9 and role=teacher already exists",
  "time": "2025-10-28T14:54:53+07:00"
}
{
  "data": {
    "error_code": "ERR_INVALID_OPERATION",
    "method": "POST",
    "path": "/api/v1/gateway/profiles/owner-code/teacher/generate",
    "status_code": 500
  },
  "level": "error",
  "msg": "owner code for owner_id=33e0292c-9e65-4f27-ab54-da4913928f86 and role=teacher already exists",
  "time": "2025-10-28T14:54:53+07:00"
}
{
  "data": {
    "error_code": "ERR_INVALID_OPERATION",
    "method": "POST",
    "path": "/api/v1/gateway/profiles/owner-code/teacher/generate",
    "status_code": 500
  },
  "level": "error",
  "msg": "owner code for owner_id=5849b67e-83e4-4a64-8d79-00611ef26b54 and role=teacher already exists",
  "time": "2025-10-28T14:54:53+07:00"
}
